<?xml version="1.0" encoding="UTF-8"?>
<!-- Generated by org.testng.reporters.JUnitReportReporter -->
<testsuite hostname="LAPTOP-I0P8HFOV" failures="0" tests="2" name="TestCases.HomePageTest" time="44.046" errors="0" timestamp="2021-05-02T17:15:45 IST" skipped="0">
  <testcase classname="TestCases.HomePageTest" name="BusinessPageNavigationTest" time="16.960"/>
  <system-out/>
  <testcase classname="TestCases.HomePageTest" name="NewsPageNavigationTest" time="27.086"/>
  <system-out/>
</testsuite> <!-- TestCases.HomePageTest -->
